android/app/build/intermediates/manifest_merge_blame_file/release/manifest-merger-blame-release-report.txt
1<?xml version="1.0" encoding="utf-8"?>
2<manifest xmlns:android="http://schemas.android.com/apk/res/android"
3    package="com.example.money_note"
4    android:versionCode="1"
5    android:versionName="1.0.0" >
6
7    <uses-sdk
8        android:minSdkVersion="21"
9        android:targetSdkVersion="35" />
10
11    <uses-permission android:name="android.permission.INTERNET" />
11-->src/main/AndroidManifest.xml:6:5-67
11-->src/main/AndroidManifest.xml:6:22-64
12    <uses-permission android:name="android.permission.READ_EXTERNAL_STORAGE" />
12-->src/main/AndroidManifest.xml:8:5-80
12-->src/main/AndroidManifest.xml:8:22-77
13    <uses-permission android:name="android.permission.WRITE_EXTERNAL_STORAGE" />
13-->src/main/AndroidManifest.xml:9:5-81
13-->src/main/AndroidManifest.xml:9:22-78
14
15    <queries>
15-->[:file_picker] AndroidManifest.xml:7:5-13:15
16        <intent>
16-->[:file_picker] AndroidManifest.xml:8:9-12:18
17            <action android:name="android.intent.action.GET_CONTENT" />
17-->[:file_picker] AndroidManifest.xml:9:13-72
17-->[:file_picker] AndroidManifest.xml:9:21-69
18
19            <data android:mimeType="*/*" />
19-->[:file_picker] AndroidManifest.xml:11:13-44
19-->[:file_picker] AndroidManifest.xml:11:19-41
20        </intent>
21    </queries>
22
23    <permission
23-->[androidx.core:core:1.15.0] AndroidManifest.xml:22:5-24:47
24        android:name="com.example.money_note.DYNAMIC_RECEIVER_NOT_EXPORTED_PERMISSION"
24-->[androidx.core:core:1.15.0] AndroidManifest.xml:23:9-81
25        android:protectionLevel="signature" />
25-->[androidx.core:core:1.15.0] AndroidManifest.xml:24:9-44
26
27    <uses-permission android:name="com.example.money_note.DYNAMIC_RECEIVER_NOT_EXPORTED_PERMISSION" />
27-->[androidx.core:core:1.15.0] AndroidManifest.xml:26:5-97
27-->[androidx.core:core:1.15.0] AndroidManifest.xml:26:22-94
28
29    <application
30        android:name="android.app.Application"
30-->src/main/AndroidManifest.xml:14:9-42
31        android:appComponentFactory="androidx.core.app.CoreComponentFactory"
31-->[androidx.core:core:1.15.0] AndroidManifest.xml:28:18-86
32        android:enableOnBackInvokedCallback="true"
32-->src/main/AndroidManifest.xml:12:9-51
33        android:extractNativeLibs="true"
34        android:icon="@mipmap/launcher_icon"
34-->src/main/AndroidManifest.xml:15:9-45
35        android:label="money_note" >
35-->src/main/AndroidManifest.xml:13:9-35
36        <activity
36-->src/main/AndroidManifest.xml:16:9-36:20
37            android:name="com.example.money_note.MainActivity"
37-->src/main/AndroidManifest.xml:17:13-41
38            android:configChanges="orientation|keyboardHidden|keyboard|screenSize|smallestScreenSize|locale|layoutDirection|fontScale|screenLayout|density|uiMode"
38-->src/main/AndroidManifest.xml:21:13-163
39            android:exported="true"
39-->src/main/AndroidManifest.xml:18:13-36
40            android:hardwareAccelerated="true"
40-->src/main/AndroidManifest.xml:22:13-47
41            android:launchMode="singleTop"
41-->src/main/AndroidManifest.xml:19:13-43
42            android:theme="@style/LaunchTheme"
42-->src/main/AndroidManifest.xml:20:13-47
43            android:windowSoftInputMode="adjustResize" >
43-->src/main/AndroidManifest.xml:23:13-55
44
45            <!--
46                 Specifies an Android theme to apply to this Activity as soon as
47                 the Android process has started. This theme is visible to the user
48                 while the Flutter UI initializes. After that, this theme continues
49                 to determine the Window background behind the Flutter UI.
50            -->
51            <meta-data
51-->src/main/AndroidManifest.xml:28:13-31:17
52                android:name="io.flutter.embedding.android.NormalTheme"
52-->src/main/AndroidManifest.xml:29:15-70
53                android:resource="@style/NormalTheme" />
53-->src/main/AndroidManifest.xml:30:15-52
54
55            <intent-filter>
55-->src/main/AndroidManifest.xml:32:13-35:29
56                <action android:name="android.intent.action.MAIN" />
56-->src/main/AndroidManifest.xml:33:17-68
56-->src/main/AndroidManifest.xml:33:25-66
57
58                <category android:name="android.intent.category.LAUNCHER" />
58-->src/main/AndroidManifest.xml:34:17-76
58-->src/main/AndroidManifest.xml:34:27-74
59            </intent-filter>
60        </activity>
61        <!--
62             Don't delete the meta-data below.
63             This is used by the Flutter tool to generate GeneratedPluginRegistrant.java
64        -->
65        <meta-data
65-->src/main/AndroidManifest.xml:39:9-41:33
66            android:name="flutterEmbedding"
66-->src/main/AndroidManifest.xml:40:13-44
67            android:value="2" />
67-->src/main/AndroidManifest.xml:41:13-30
68        <!--
69           Declares a provider which allows us to store files to share in
70           '.../caches/share_plus' and grant the receiving action access
71        -->
72        <provider
72-->[:share_plus] AndroidManifest.xml:13:9-21:20
73            android:name="dev.fluttercommunity.plus.share.ShareFileProvider"
73-->[:share_plus] AndroidManifest.xml:14:13-77
74            android:authorities="com.example.money_note.flutter.share_provider"
74-->[:share_plus] AndroidManifest.xml:15:13-74
75            android:exported="false"
75-->[:share_plus] AndroidManifest.xml:16:13-37
76            android:grantUriPermissions="true" >
76-->[:share_plus] AndroidManifest.xml:17:13-47
77            <meta-data
77-->[:share_plus] AndroidManifest.xml:18:13-20:68
78                android:name="android.support.FILE_PROVIDER_PATHS"
78-->[:share_plus] AndroidManifest.xml:19:17-67
79                android:resource="@xml/flutter_share_file_paths" />
79-->[:share_plus] AndroidManifest.xml:20:17-65
80        </provider>
81        <!--
82           This manifest declared broadcast receiver allows us to use an explicit
83           Intent when creating a PendingItent to be informed of the user's choice
84        -->
85        <receiver
85-->[:share_plus] AndroidManifest.xml:26:9-32:20
86            android:name="dev.fluttercommunity.plus.share.SharePlusPendingIntent"
86-->[:share_plus] AndroidManifest.xml:27:13-82
87            android:exported="false" >
87-->[:share_plus] AndroidManifest.xml:28:13-37
88            <intent-filter>
88-->[:share_plus] AndroidManifest.xml:29:13-31:29
89                <action android:name="EXTRA_CHOSEN_COMPONENT" />
89-->[:share_plus] AndroidManifest.xml:30:17-65
89-->[:share_plus] AndroidManifest.xml:30:25-62
90            </intent-filter>
91        </receiver>
92
93        <provider
93-->[androidx.lifecycle:lifecycle-process:2.8.7] AndroidManifest.xml:24:9-32:20
94            android:name="androidx.startup.InitializationProvider"
94-->[androidx.lifecycle:lifecycle-process:2.8.7] AndroidManifest.xml:25:13-67
95            android:authorities="com.example.money_note.androidx-startup"
95-->[androidx.lifecycle:lifecycle-process:2.8.7] AndroidManifest.xml:26:13-68
96            android:exported="false" >
96-->[androidx.lifecycle:lifecycle-process:2.8.7] AndroidManifest.xml:27:13-37
97            <meta-data
97-->[androidx.lifecycle:lifecycle-process:2.8.7] AndroidManifest.xml:29:13-31:52
98                android:name="androidx.lifecycle.ProcessLifecycleInitializer"
98-->[androidx.lifecycle:lifecycle-process:2.8.7] AndroidManifest.xml:30:17-78
99                android:value="androidx.startup" />
99-->[androidx.lifecycle:lifecycle-process:2.8.7] AndroidManifest.xml:31:17-49
100            <meta-data
100-->[androidx.profileinstaller:profileinstaller:1.3.1] AndroidManifest.xml:29:13-31:52
101                android:name="androidx.profileinstaller.ProfileInstallerInitializer"
101-->[androidx.profileinstaller:profileinstaller:1.3.1] AndroidManifest.xml:30:17-85
102                android:value="androidx.startup" />
102-->[androidx.profileinstaller:profileinstaller:1.3.1] AndroidManifest.xml:31:17-49
103        </provider>
104
105        <uses-library
105-->[androidx.window:window:1.2.0] AndroidManifest.xml:23:9-25:40
106            android:name="androidx.window.extensions"
106-->[androidx.window:window:1.2.0] AndroidManifest.xml:24:13-54
107            android:required="false" />
107-->[androidx.window:window:1.2.0] AndroidManifest.xml:25:13-37
108        <uses-library
108-->[androidx.window:window:1.2.0] AndroidManifest.xml:26:9-28:40
109            android:name="androidx.window.sidecar"
109-->[androidx.window:window:1.2.0] AndroidManifest.xml:27:13-51
110            android:required="false" />
110-->[androidx.window:window:1.2.0] AndroidManifest.xml:28:13-37
111
112        <receiver
112-->[androidx.profileinstaller:profileinstaller:1.3.1] AndroidManifest.xml:34:9-52:20
113            android:name="androidx.profileinstaller.ProfileInstallReceiver"
113-->[androidx.profileinstaller:profileinstaller:1.3.1] AndroidManifest.xml:35:13-76
114            android:directBootAware="false"
114-->[androidx.profileinstaller:profileinstaller:1.3.1] AndroidManifest.xml:36:13-44
115            android:enabled="true"
115-->[androidx.profileinstaller:profileinstaller:1.3.1] AndroidManifest.xml:37:13-35
116            android:exported="true"
116-->[androidx.profileinstaller:profileinstaller:1.3.1] AndroidManifest.xml:38:13-36
117            android:permission="android.permission.DUMP" >
117-->[androidx.profileinstaller:profileinstaller:1.3.1] AndroidManifest.xml:39:13-57
118            <intent-filter>
118-->[androidx.profileinstaller:profileinstaller:1.3.1] AndroidManifest.xml:40:13-42:29
119                <action android:name="androidx.profileinstaller.action.INSTALL_PROFILE" />
119-->[androidx.profileinstaller:profileinstaller:1.3.1] AndroidManifest.xml:41:17-91
119-->[androidx.profileinstaller:profileinstaller:1.3.1] AndroidManifest.xml:41:25-88
120            </intent-filter>
121            <intent-filter>
121-->[androidx.profileinstaller:profileinstaller:1.3.1] AndroidManifest.xml:43:13-45:29
122                <action android:name="androidx.profileinstaller.action.SKIP_FILE" />
122-->[androidx.profileinstaller:profileinstaller:1.3.1] AndroidManifest.xml:44:17-85
122-->[androidx.profileinstaller:profileinstaller:1.3.1] AndroidManifest.xml:44:25-82
123            </intent-filter>
124            <intent-filter>
124-->[androidx.profileinstaller:profileinstaller:1.3.1] AndroidManifest.xml:46:13-48:29
125                <action android:name="androidx.profileinstaller.action.SAVE_PROFILE" />
125-->[androidx.profileinstaller:profileinstaller:1.3.1] AndroidManifest.xml:47:17-88
125-->[androidx.profileinstaller:profileinstaller:1.3.1] AndroidManifest.xml:47:25-85
126            </intent-filter>
127            <intent-filter>
127-->[androidx.profileinstaller:profileinstaller:1.3.1] AndroidManifest.xml:49:13-51:29
128                <action android:name="androidx.profileinstaller.action.BENCHMARK_OPERATION" />
128-->[androidx.profileinstaller:profileinstaller:1.3.1] AndroidManifest.xml:50:17-95
128-->[androidx.profileinstaller:profileinstaller:1.3.1] AndroidManifest.xml:50:25-92
129            </intent-filter>
130        </receiver>
131    </application>
132
133</manifest>